Using pre-set license
Built from '2020.3/staging' branch; Version is '2020.3.30f1 (1fb1bf06830e) revision 2077119'; Using compiler version '192528614'; Build Type 'Release'
OS: 'Windows 10  (10.0.19044) 64bit Core' Language: 'zh' Physical Memory: 130980 MB
BatchMode: 1, IsHumanControllingUs: 0, StartBugReporterOnCrash: 0, Is64bit: 1, IsPro: 0

COMMAND LINE ARGUMENTS:
E:\UnityEditor\2020.3.30f1\Editor\Unity.exe
-adb2
-batchMode
-noUpm
-name
AssetImportWorker0
-projectPath
G:/Documents/GitHub/ARkit-Face-Capture/Unity_ARKitDemo
-logFile
Logs/AssetImportWorker0.log
-srvPort
50012
Successfully changed project path to: G:/Documents/GitHub/ARkit-Face-Capture/Unity_ARKitDemo
G:/Documents/GitHub/ARkit-Face-Capture/Unity_ARKitDemo
Using Asset Import Pipeline V2.
Refreshing native plugins compatible for Editor in 34.49 ms, found 4 plugins.
Preloading 1 native plugins for Editor in 1.82 ms.
Initialize engine version: 2020.3.30f1 (1fb1bf06830e)
[Subsystems] Discovering subsystems at path E:/UnityEditor/2020.3.30f1/Editor/Data/Resources/UnitySubsystems
[Subsystems] Discovering subsystems at path G:/Documents/GitHub/ARkit-Face-Capture/Unity_ARKitDemo/Assets
GfxDevice: creating device client; threaded=0
Direct3D:
    Version:  Direct3D 11.0 [level 11.1]
    Renderer: NVIDIA GeForce RTX 3090 (ID=0x2204)
    Vendor:   
    VRAM:     24348 MB
    Driver:   30.0.15.1165
Initialize mono
Mono path[0] = 'E:/UnityEditor/2020.3.30f1/Editor/Data/Managed'
Mono path[1] = 'E:/UnityEditor/2020.3.30f1/Editor/Data/MonoBleedingEdge/lib/mono/unityjit'
Mono config path = 'E:/UnityEditor/2020.3.30f1/Editor/Data/MonoBleedingEdge/etc'
Using monoOptions --debugger-agent=transport=dt_socket,embedding=1,server=y,suspend=n,address=127.0.0.1:56616
Begin MonoManager ReloadAssembly
Registering precompiled unity dll's ...
Register platform support module: E:/UnityEditor/2020.3.30f1/Editor/Data/PlaybackEngines/WindowsStandaloneSupport/UnityEditor.WindowsStandalone.Extensions.dll
Registered in 0.000959 seconds.
Native extension for WindowsStandalone target not found
Refreshing native plugins compatible for Editor in 37.24 ms, found 4 plugins.
Preloading 1 native plugins for Editor in 0.05 ms.
Mono: successfully reloaded assembly
- Completed reload, in  0.483 seconds
Domain Reload Profiling:
	ReloadAssembly (483ms)
		BeginReloadAssembly (47ms)
			ExecutionOrderSort (0ms)
			DisableScriptedObjects (0ms)
			BackupInstance (0ms)
			ReleaseScriptingObjects (0ms)
			CreateAndSetChildDomain (1ms)
		EndReloadAssembly (379ms)
			LoadAssemblies (47ms)
			RebuildTransferFunctionScriptingTraits (0ms)
			SetupTypeCache (124ms)
			ReleaseScriptCaches (0ms)
			RebuildScriptCaches (25ms)
			SetupLoadedEditorAssemblies (145ms)
				LogAssemblyErrors (0ms)
				InitializePlatformSupportModulesInManaged (3ms)
				SetLoadedEditorAssemblies (0ms)
				RefreshPlugins (37ms)
				BeforeProcessingInitializeOnLoad (14ms)
				ProcessInitializeOnLoadAttributes (66ms)
				ProcessInitializeOnLoadMethodAttributes (23ms)
				AfterProcessingInitializeOnLoad (0ms)
				EditorAssembliesLoaded (0ms)
			ExecutionOrderSort2 (0ms)
			AwakeInstancesAfterBackupRestoration (0ms)
Platform modules already initialized, skipping
Registering precompiled user dll's ...
Registered in 0.002008 seconds.
Begin MonoManager ReloadAssembly
Native extension for WindowsStandalone target not found
Refreshing native plugins compatible for Editor in 0.56 ms, found 4 plugins.
Preloading 1 native plugins for Editor in 0.05 ms.
Mono: successfully reloaded assembly
- Completed reload, in  1.283 seconds
Domain Reload Profiling:
	ReloadAssembly (1283ms)
		BeginReloadAssembly (121ms)
			ExecutionOrderSort (0ms)
			DisableScriptedObjects (4ms)
			BackupInstance (0ms)
			ReleaseScriptingObjects (0ms)
			CreateAndSetChildDomain (18ms)
		EndReloadAssembly (1116ms)
			LoadAssemblies (75ms)
			RebuildTransferFunctionScriptingTraits (0ms)
			SetupTypeCache (236ms)
			ReleaseScriptCaches (1ms)
			RebuildScriptCaches (40ms)
			SetupLoadedEditorAssemblies (696ms)
				LogAssemblyErrors (0ms)
				InitializePlatformSupportModulesInManaged (3ms)
				SetLoadedEditorAssemblies (0ms)
				RefreshPlugins (1ms)
				BeforeProcessingInitializeOnLoad (69ms)
				ProcessInitializeOnLoadAttributes (614ms)
				ProcessInitializeOnLoadMethodAttributes (7ms)
				AfterProcessingInitializeOnLoad (2ms)
				EditorAssembliesLoaded (0ms)
			ExecutionOrderSort2 (0ms)
			AwakeInstancesAfterBackupRestoration (5ms)
Platform modules already initialized, skipping
========================================================================
Worker process is ready to serve import requests
Launched and connected shader compiler UnityShaderCompiler.exe after 0.06 seconds
Refreshing native plugins compatible for Editor in 0.54 ms, found 4 plugins.
Preloading 1 native plugins for Editor in 0.04 ms.
Unloading 2337 Unused Serialized files (Serialized files now loaded: 0)
System memory in use before: 100.1 MB.
System memory in use after: 100.3 MB.

Unloading 20 unused Assets to reduce memory usage. Loaded Objects now: 2768.
Total: 3.701000 ms (FindLiveObjects: 0.300400 ms CreateObjectMapping: 0.062300 ms MarkObjects: 3.255500 ms  DeleteObjects: 0.081600 ms)

AssetImportParameters requested are different than current active one (requested -> active):
  custom:framework-win-MediaFoundation: 216162199b28c13a410421893ffa2e32 -> 
  custom:video-decoder-ogg-theora: a1e56fd34408186e4bbccfd4996cb3dc -> 
  custom:container-muxer-webm: aa71ff27fc2769a1b78a27578f13a17b -> 
  custom:container-demuxer-webm: 4f35f7cbe854078d1ac9338744f61a02 -> 
  custom:container-demuxer-ogg: 62fdf1f143b41e24485cea50d1cbac27 -> 
  custom:video-encoder-webm-vp8: eb34c28f22e8b96e1ab97ce403110664 -> 
  custom:video-decoder-webm-vp8: 9c59270c3fd7afecdb556c50c9e8de78 -> 
  custom:audio-decoder-ogg-vorbis: bf7c407c2cedff20999df2af8eb42d56 -> 
  custom:audio-encoder-webm-vorbis: bf7c407c2cedff20999df2af8eb42d56 -> 
========================================================================
Received Import Request.
  path: Assets/ARKit Sample/Avatar/Female_Adult_02/Textures/f002_opacity_color.tga
  artifactKey: Guid(ea93b95e48bc2ef45ad2e7f0a1c42da6) Importer(815301076,1909f56bfc062723c751e8b465ee728b)
Start importing Assets/ARKit Sample/Avatar/Female_Adult_02/Textures/f002_opacity_color.tga using Guid(ea93b95e48bc2ef45ad2e7f0a1c42da6) Importer(815301076,1909f56bfc062723c751e8b465ee728b)  -> (artifact id: '922149494f6f3cb2e534f8feb0461600') in 0.058187 seconds 
========================================================================
Received Import Request.
  Time since last request: 0.000199 seconds.
  path: Assets/ARKit Sample/Avatar/Female_Adult_02/Textures/f002_body_specular.tga
  artifactKey: Guid(8af8fb535139083478e9195f49874597) Importer(815301076,1909f56bfc062723c751e8b465ee728b)
Start importing Assets/ARKit Sample/Avatar/Female_Adult_02/Textures/f002_body_specular.tga using Guid(8af8fb535139083478e9195f49874597) Importer(815301076,1909f56bfc062723c751e8b465ee728b)  -> (artifact id: '05a2b0bbcb1982960c65358ba59d0fa6') in 0.015236 seconds 
========================================================================
Received Import Request.
  Time since last request: 0.000208 seconds.
  path: Assets/ARKit Sample/Avatar/Female_Adult_11/Textures/f011_head_color.tga
  artifactKey: Guid(f2c6f4acd1acd2c4aadebda6b0f1133c) Importer(815301076,1909f56bfc062723c751e8b465ee728b)
Start importing Assets/ARKit Sample/Avatar/Female_Adult_11/Textures/f011_head_color.tga using Guid(f2c6f4acd1acd2c4aadebda6b0f1133c) Importer(815301076,1909f56bfc062723c751e8b465ee728b)  -> (artifact id: '52d19c0d6f623bb3bb9e51cb8158a098') in 0.008379 seconds 
========================================================================
Received Import Request.
  Time since last request: 0.000171 seconds.
  path: Assets/ARKit Sample/Avatar/Female_Adult_11/Female_Adult_11.png
  artifactKey: Guid(01738381325f1b445b4700fcd014fed4) Importer(815301076,1909f56bfc062723c751e8b465ee728b)
Start importing Assets/ARKit Sample/Avatar/Female_Adult_11/Female_Adult_11.png using Guid(01738381325f1b445b4700fcd014fed4) Importer(815301076,1909f56bfc062723c751e8b465ee728b)  -> (artifact id: '3c648834e49f614e67ba2f3aeb8de192') in 0.044229 seconds 
========================================================================
Received Import Request.
  Time since last request: 0.000184 seconds.
  path: Assets/ARKit Sample/Avatar/Female_Adult_02/Textures/f002_head_normal.tga
  artifactKey: Guid(36130f34398b6924ea8a0d32a303aa4c) Importer(815301076,1909f56bfc062723c751e8b465ee728b)
Start importing Assets/ARKit Sample/Avatar/Female_Adult_02/Textures/f002_head_normal.tga using Guid(36130f34398b6924ea8a0d32a303aa4c) Importer(815301076,1909f56bfc062723c751e8b465ee728b)  -> (artifact id: '73191c121f0a43a43d1c883d3be9dcfc') in 0.032598 seconds 
========================================================================
Received Import Request.
  Time since last request: 0.000203 seconds.
  path: Assets/ARKit Sample/Avatar/Female_Adult_11/Textures/f011_body_specular.tga
  artifactKey: Guid(22e93d47651ebd540b0dea55459d998e) Importer(815301076,1909f56bfc062723c751e8b465ee728b)
Start importing Assets/ARKit Sample/Avatar/Female_Adult_11/Textures/f011_body_specular.tga using Guid(22e93d47651ebd540b0dea55459d998e) Importer(815301076,1909f56bfc062723c751e8b465ee728b)  -> (artifact id: 'ff604a99e5b598addaeddf3068949d84') in 0.007068 seconds 
========================================================================
Received Import Request.
  Time since last request: 0.000183 seconds.
  path: Assets/ARKit Sample/Avatar/Female_Adult_02/Textures/f002_body_color.tga
  artifactKey: Guid(739947f9359e4484e9ab6f3e93f92ca4) Importer(815301076,1909f56bfc062723c751e8b465ee728b)
Start importing Assets/ARKit Sample/Avatar/Female_Adult_02/Textures/f002_body_color.tga using Guid(739947f9359e4484e9ab6f3e93f92ca4) Importer(815301076,1909f56bfc062723c751e8b465ee728b)  -> (artifact id: '6b024dd800ac5c99080f4ae22aaeac66') in 0.007143 seconds 
========================================================================
Received Import Request.
  Time since last request: 0.000154 seconds.
  path: Assets/ARKit Sample/Avatar/Female_Adult_02/Textures/f002_head_specular.tga
  artifactKey: Guid(db6fc118d9a573a4a8ceab32a8cf7021) Importer(815301076,1909f56bfc062723c751e8b465ee728b)
Start importing Assets/ARKit Sample/Avatar/Female_Adult_02/Textures/f002_head_specular.tga using Guid(db6fc118d9a573a4a8ceab32a8cf7021) Importer(815301076,1909f56bfc062723c751e8b465ee728b)  -> (artifact id: '9d558279747063233cf4e74856fa7e1a') in 0.010436 seconds 
========================================================================
Received Import Request.
  Time since last request: 0.000173 seconds.
  path: Assets/ARKit Sample/Avatar/Female_Adult_11/Textures/f011_head_normal.tga
  artifactKey: Guid(8e66df855c649c048bef5f27c99ebe74) Importer(815301076,1909f56bfc062723c751e8b465ee728b)
Start importing Assets/ARKit Sample/Avatar/Female_Adult_11/Textures/f011_head_normal.tga using Guid(8e66df855c649c048bef5f27c99ebe74) Importer(815301076,1909f56bfc062723c751e8b465ee728b)  -> (artifact id: 'c1c94f0345b1ed2abe7e1e6fb8df29a0') in 0.007613 seconds 
========================================================================
Received Import Request.
  Time since last request: 0.000185 seconds.
  path: Assets/ARKit Sample/Avatar/Female_Adult_11/Export/Female_Adult_11.fbx
  artifactKey: Guid(176088fb22f75c54e8561cbfd72a7f0e) Importer(815301076,1909f56bfc062723c751e8b465ee728b)
Start importing Assets/ARKit Sample/Avatar/Female_Adult_11/Export/Female_Adult_11.fbx using Guid(176088fb22f75c54e8561cbfd72a7f0e) Importer(815301076,1909f56bfc062723c751e8b465ee728b)  -> (artifact id: '37e167b69384793846ec72776df24300') in 0.134912 seconds 
========================================================================
Received Import Request.
  Time since last request: 0.000200 seconds.
  path: Assets/ARKit Sample/Avatar/Female_Adult_11/Textures/f011_head_specular.tga
  artifactKey: Guid(ca82fba4fb51ef849b6514ac3a443cbb) Importer(815301076,1909f56bfc062723c751e8b465ee728b)
Start importing Assets/ARKit Sample/Avatar/Female_Adult_11/Textures/f011_head_specular.tga using Guid(ca82fba4fb51ef849b6514ac3a443cbb) Importer(815301076,1909f56bfc062723c751e8b465ee728b)  -> (artifact id: '436f58de0586ab9619588ddb3aa91409') in 0.007230 seconds 
========================================================================
Received Import Request.
  Time since last request: 0.000291 seconds.
  path: Assets/ARKit Sample/Avatar/Female_Adult_11/Textures/f011_opacity_color.tga
  artifactKey: Guid(6036e6a95fbf55a43921ca9ca20022a5) Importer(815301076,1909f56bfc062723c751e8b465ee728b)
Start importing Assets/ARKit Sample/Avatar/Female_Adult_11/Textures/f011_opacity_color.tga using Guid(6036e6a95fbf55a43921ca9ca20022a5) Importer(815301076,1909f56bfc062723c751e8b465ee728b)  -> (artifact id: '560215e6ca1fecafd06bfe3aa0324c61') in 0.008134 seconds 
========================================================================
Received Import Request.
  Time since last request: 0.000259 seconds.
  path: Assets/ARKit Sample/Avatar/Female_Adult_11/Export/Female_Adult_11_facial.fbx
  artifactKey: Guid(fc863ccff7643e74f81d35ff6bfa83a6) Importer(815301076,1909f56bfc062723c751e8b465ee728b)
Start importing Assets/ARKit Sample/Avatar/Female_Adult_11/Export/Female_Adult_11_facial.fbx using Guid(fc863ccff7643e74f81d35ff6bfa83a6) Importer(815301076,1909f56bfc062723c751e8b465ee728b)  -> (artifact id: 'fa2bbb6ab91af0a8dc5f229864ecf3a2') in 0.056231 seconds 
========================================================================
Received Import Request.
  Time since last request: 0.000196 seconds.
  path: Assets/ARKit Sample/Avatar/Female_Adult_02/Textures/f002_head_color.tga
  artifactKey: Guid(3d2fa68c3292f4c41933c43bbcdea619) Importer(815301076,1909f56bfc062723c751e8b465ee728b)
Start importing Assets/ARKit Sample/Avatar/Female_Adult_02/Textures/f002_head_color.tga using Guid(3d2fa68c3292f4c41933c43bbcdea619) Importer(815301076,1909f56bfc062723c751e8b465ee728b)  -> (artifact id: 'd70cb4d8dfeae4aa37576db7089dc00a') in 0.006965 seconds 
========================================================================
Received Import Request.
  Time since last request: 0.000257 seconds.
  path: Assets/ARKit Sample/Avatar/Female_Adult_02/Textures/f002_body_normal.tga
  artifactKey: Guid(f95d8a002476f924393ad6a87bd3107e) Importer(815301076,1909f56bfc062723c751e8b465ee728b)
Start importing Assets/ARKit Sample/Avatar/Female_Adult_02/Textures/f002_body_normal.tga using Guid(f95d8a002476f924393ad6a87bd3107e) Importer(815301076,1909f56bfc062723c751e8b465ee728b)  -> (artifact id: 'a7bb972d69f6ffc4225d89058a79e367') in 0.008867 seconds 
========================================================================
Received Import Request.
  Time since last request: 0.000260 seconds.
  path: Assets/ARKit Sample/Avatar/Female_Adult_11/Textures/f011_body_color.tga
  artifactKey: Guid(1374c4441821ccd48b18243daf679404) Importer(815301076,1909f56bfc062723c751e8b465ee728b)
Start importing Assets/ARKit Sample/Avatar/Female_Adult_11/Textures/f011_body_color.tga using Guid(1374c4441821ccd48b18243daf679404) Importer(815301076,1909f56bfc062723c751e8b465ee728b)  -> (artifact id: '3dd84030612218d79762b954b009d9ff') in 0.007610 seconds 
========================================================================
Received Import Request.
  Time since last request: 0.000245 seconds.
  path: Assets/ARKit Sample/Avatar/Female_Adult_11/Textures/f011_body_normal.tga
  artifactKey: Guid(ef90823c34e40924496559a4912e5ab5) Importer(815301076,1909f56bfc062723c751e8b465ee728b)
Start importing Assets/ARKit Sample/Avatar/Female_Adult_11/Textures/f011_body_normal.tga using Guid(ef90823c34e40924496559a4912e5ab5) Importer(815301076,1909f56bfc062723c751e8b465ee728b)  -> (artifact id: '5afe4bb6c4b1030e39e9d5d71c0009b9') in 0.008673 seconds 
========================================================================
Received Import Request.
  Time since last request: 17.153007 seconds.
  path: Assets/ARKit Sample/Avatar/Female_Adult_11/Export/Female_Adult_11.fbx
  artifactKey: Guid(176088fb22f75c54e8561cbfd72a7f0e) Importer(815301076,1909f56bfc062723c751e8b465ee728b)
Start importing Assets/ARKit Sample/Avatar/Female_Adult_11/Export/Female_Adult_11.fbx using Guid(176088fb22f75c54e8561cbfd72a7f0e) Importer(815301076,1909f56bfc062723c751e8b465ee728b)  -> (artifact id: '2e4ff85d96e6efa9b32e53ba0781b682') in 0.090656 seconds 
========================================================================
Received Import Request.
  Time since last request: 43.739359 seconds.
  path: Assets/ARKit/F011_female2.fbx
  artifactKey: Guid(5ece7c92d0da4fe4b86a4e88aa8e1fa3) Importer(815301076,1909f56bfc062723c751e8b465ee728b)
Start importing Assets/ARKit/F011_female2.fbx using Guid(5ece7c92d0da4fe4b86a4e88aa8e1fa3) Importer(815301076,1909f56bfc062723c751e8b465ee728b)  -> (artifact id: 'fa3a531ab826fdc079642074fc900018') in 0.027161 seconds 
========================================================================
Received Import Request.
  Time since last request: 0.000215 seconds.
  path: Assets/ARKit/F011_female3.fbx
  artifactKey: Guid(367a71f583a4e8b478b3ce32282b1c17) Importer(815301076,1909f56bfc062723c751e8b465ee728b)
Start importing Assets/ARKit/F011_female3.fbx using Guid(367a71f583a4e8b478b3ce32282b1c17) Importer(815301076,1909f56bfc062723c751e8b465ee728b)  -> (artifact id: '28cf3aa6b88ee277c48bc7581d0b6674') in 0.037864 seconds 
========================================================================
Received Import Request.
  Time since last request: 0.000183 seconds.
  path: Assets/ARKit/F011_female6.fbx
  artifactKey: Guid(0bc484848214228449c4cb6163172c66) Importer(815301076,1909f56bfc062723c751e8b465ee728b)
Start importing Assets/ARKit/F011_female6.fbx using Guid(0bc484848214228449c4cb6163172c66) Importer(815301076,1909f56bfc062723c751e8b465ee728b)  -> (artifact id: 'e63f5709738ffcd27df3dfa54051a7ed') in 0.041233 seconds 
========================================================================
Received Import Request.
  Time since last request: 0.000220 seconds.
  path: Assets/ARKit/F011_female5.fbx
  artifactKey: Guid(9ac92a84ded33e94f8394a3ee9d7b5d9) Importer(815301076,1909f56bfc062723c751e8b465ee728b)
Start importing Assets/ARKit/F011_female5.fbx using Guid(9ac92a84ded33e94f8394a3ee9d7b5d9) Importer(815301076,1909f56bfc062723c751e8b465ee728b)  -> (artifact id: '662c68c01359a11e2a4e74cc3c0a9221') in 0.042017 seconds 
========================================================================
Received Import Request.
  Time since last request: 0.000170 seconds.
  path: Assets/ARKit/F011_female4.fbx
  artifactKey: Guid(bf271b0b4defc3744bd7710d4b7ef8ac) Importer(815301076,1909f56bfc062723c751e8b465ee728b)
Start importing Assets/ARKit/F011_female4.fbx using Guid(bf271b0b4defc3744bd7710d4b7ef8ac) Importer(815301076,1909f56bfc062723c751e8b465ee728b)  -> (artifact id: 'd038139ac75fb6cfadcc64f9a99d5715') in 0.043578 seconds 
========================================================================
Received Import Request.
  Time since last request: 0.000221 seconds.
  path: Assets/ARKit/F011_female7.fbx
  artifactKey: Guid(7414de6c6ca9dcc46a3bf849d18095ad) Importer(815301076,1909f56bfc062723c751e8b465ee728b)
Start importing Assets/ARKit/F011_female7.fbx using Guid(7414de6c6ca9dcc46a3bf849d18095ad) Importer(815301076,1909f56bfc062723c751e8b465ee728b)  -> (artifact id: '91ff7fa3966fb4cd47356e265cbce22a') in 0.042860 seconds 
========================================================================
Received Import Request.
  Time since last request: 1.748060 seconds.
  path: Assets/ARKit/Material/f011_body.mat
  artifactKey: Guid(58ecb53179f803340a4911bbae6291f0) Importer(815301076,1909f56bfc062723c751e8b465ee728b)
Start importing Assets/ARKit/Material/f011_body.mat using Guid(58ecb53179f803340a4911bbae6291f0) Importer(815301076,1909f56bfc062723c751e8b465ee728b)  -> (artifact id: '2aa5a8272dd617d9c3f0cee246cab314') in 0.010483 seconds 
========================================================================
Received Import Request.
  Time since last request: 0.000197 seconds.
  path: Assets/ARKit/Material/f011_body3.mat
  artifactKey: Guid(93bfa132a6f548a46ba280e13540c1d2) Importer(815301076,1909f56bfc062723c751e8b465ee728b)
Start importing Assets/ARKit/Material/f011_body3.mat using Guid(93bfa132a6f548a46ba280e13540c1d2) Importer(815301076,1909f56bfc062723c751e8b465ee728b)  -> (artifact id: 'e191037618d023b58294706dfdbda508') in 0.006921 seconds 
========================================================================
Received Import Request.
  Time since last request: 0.000176 seconds.
  path: Assets/ARKit/Material/f011_head.mat
  artifactKey: Guid(25157df765fc23a43ad1cf50dfd731cc) Importer(815301076,1909f56bfc062723c751e8b465ee728b)
Start importing Assets/ARKit/Material/f011_head.mat using Guid(25157df765fc23a43ad1cf50dfd731cc) Importer(815301076,1909f56bfc062723c751e8b465ee728b)  -> (artifact id: 'a006426e900956cfe1772a4315fd259e') in 0.006099 seconds 
========================================================================
Received Import Request.
  Time since last request: 0.000143 seconds.
  path: Assets/ARKit/Material/f011_head3.mat
  artifactKey: Guid(d8f5e9214721b6b4aada51c8521a3ab0) Importer(815301076,1909f56bfc062723c751e8b465ee728b)
Start importing Assets/ARKit/Material/f011_head3.mat using Guid(d8f5e9214721b6b4aada51c8521a3ab0) Importer(815301076,1909f56bfc062723c751e8b465ee728b)  -> (artifact id: '6cbe5ccbf0bfabae60e53e91e590a811') in 0.006369 seconds 
========================================================================
Received Import Request.
  Time since last request: 0.000175 seconds.
  path: Assets/ARKit/Material/f011_opacity.mat
  artifactKey: Guid(37d0e75ea3ff3c7489fe4434c023f1e2) Importer(815301076,1909f56bfc062723c751e8b465ee728b)
Start importing Assets/ARKit/Material/f011_opacity.mat using Guid(37d0e75ea3ff3c7489fe4434c023f1e2) Importer(815301076,1909f56bfc062723c751e8b465ee728b)  -> (artifact id: '4fc66679febae8e8421e7e6e49b52d06') in 0.005879 seconds 
========================================================================
Received Import Request.
  Time since last request: 0.000199 seconds.
  path: Assets/ARKit/Material/f011_opacity3.mat
  artifactKey: Guid(cd7fffa6302dbae4c8a6b96f43c4eaf4) Importer(815301076,1909f56bfc062723c751e8b465ee728b)
Start importing Assets/ARKit/Material/f011_opacity3.mat using Guid(cd7fffa6302dbae4c8a6b96f43c4eaf4) Importer(815301076,1909f56bfc062723c751e8b465ee728b)  -> (artifact id: '0559e05786f86dd5b3a5e2dc87b94290') in 0.007381 seconds 
========================================================================
Received Import Request.
  Time since last request: 0.604326 seconds.
  path: Assets/ARKit/Texture/f011_body_color.tga
  artifactKey: Guid(11fd9fb7480de104a9a67c703893cea2) Importer(815301076,1909f56bfc062723c751e8b465ee728b)
Start importing Assets/ARKit/Texture/f011_body_color.tga using Guid(11fd9fb7480de104a9a67c703893cea2) Importer(815301076,1909f56bfc062723c751e8b465ee728b)  -> (artifact id: '7ad1e87f6ac10f1637d6a487609771af') in 0.006711 seconds 
========================================================================
Received Import Request.
  Time since last request: 89.202332 seconds.
  path: Assets/ARKit Sample/Avatar/Female_Adult_11/Export/Female_Adult_11.fbx
  artifactKey: Guid(176088fb22f75c54e8561cbfd72a7f0e) Importer(815301076,1909f56bfc062723c751e8b465ee728b)
Start importing Assets/ARKit Sample/Avatar/Female_Adult_11/Export/Female_Adult_11.fbx using Guid(176088fb22f75c54e8561cbfd72a7f0e) Importer(815301076,1909f56bfc062723c751e8b465ee728b)  -> (artifact id: '3d321bc6393276c6ae7aa689560d24b0') in 0.085496 seconds 
========================================================================
Received Import Request.
  Time since last request: 55.482576 seconds.
  path: Assets/ARKit Sample/Face Capture/Prefab/Female_Adult_11.prefab
  artifactKey: Guid(f77d4f4c3a79af24e887bcfb30519051) Importer(815301076,1909f56bfc062723c751e8b465ee728b)
Start importing Assets/ARKit Sample/Face Capture/Prefab/Female_Adult_11.prefab using Guid(f77d4f4c3a79af24e887bcfb30519051) Importer(815301076,1909f56bfc062723c751e8b465ee728b)  -> (artifact id: '48ee875ff9f2a94cb75abb6014e74f01') in 0.071423 seconds 
AssetImportWorkerClient::OnTransportError - code=2 error=End of file
